<?xml version="1.0" encoding="UTF-8"?>
<!-- Generated by org.testng.reporters.JUnitXMLReporter -->
<testsuite ignored="0" hostname="LTIN192431" failures="7" tests="11" name="Test1" time="446.365" errors="0" timestamp="2024-02-07T20:07:25 IST">
  <testcase classname="testCase.TC_002_CaptureSurgeries" name="CapturePopularSurgeries" time="130.134"/>
  <testcase classname="testCase.TC_001_SearchingCardiologiests" name="SearchingCardiologiests" time="31.526"/>
  <testcase classname="testCase.TC_003_CorporateHealthAndWellness_InvalidDetails" name="checkingInvalidDetails" time="0.0">
    <skipped/>
  </testcase> <!-- checkingInvalidDetails -->
  <testcase classname="testCase.TC_004_CorporateHealthAndWellness_ValidDetails" name="checkingValidDetails" time="0.0">
    <skipped/>
  </testcase> <!-- checkingValidDetails -->
  <testcase classname="testCase.TC_002_CaptureSurgeries" name="GeneralSurgeries" time="24.23">
    <failure type="java.lang.AssertionError" message="null">
      <![CDATA[java.lang.AssertionError: null
at testCase.TC_002_CaptureSurgeries.GeneralSurgeries(TC_002_CaptureSurgeries.java:111)
at java.base/java.util.ArrayList.forEach(ArrayList.java:1511)
at java.base/java.util.concurrent.FutureTask.run(FutureTask.java:264)
at java.base/java.util.concurrent.ThreadPoolExecutor.runWorker(ThreadPoolExecutor.java:1136)
at java.base/java.util.concurrent.ThreadPoolExecutor$Worker.run(ThreadPoolExecutor.java:635)
at java.base/java.lang.Thread.run(Thread.java:833)
... Removed 19 stack frames]]>
    </failure>
  </testcase> <!-- GeneralSurgeries -->
  <testcase classname="testCase.TC_001_SearchingCardiologiests" name="gettingCardiologiests" time="8.752">
    <failure type="java.lang.AssertionError" message="null">
      <![CDATA[java.lang.AssertionError: null
at testCase.TC_001_SearchingCardiologiests.gettingCardiologiests(TC_001_SearchingCardiologiests.java:146)
at java.base/java.util.ArrayList.forEach(ArrayList.java:1511)
at java.base/java.util.concurrent.FutureTask.run(FutureTask.java:264)
at java.base/java.util.concurrent.ThreadPoolExecutor.runWorker(ThreadPoolExecutor.java:1136)
at java.base/java.util.concurrent.ThreadPoolExecutor$Worker.run(ThreadPoolExecutor.java:635)
at java.base/java.lang.Thread.run(Thread.java:833)
... Removed 19 stack frames]]>
    </failure>
  </testcase> <!-- gettingCardiologiests -->
  <testcase classname="testCase.TC_002_CaptureSurgeries" name="OphthamologySurgeries" time="10.682">
    <failure type="java.lang.AssertionError" message="null">
      <![CDATA[java.lang.AssertionError: null
at testCase.TC_002_CaptureSurgeries.OphthamologySurgeries(TC_002_CaptureSurgeries.java:186)
at java.base/java.util.ArrayList.forEach(ArrayList.java:1511)
at java.base/java.util.concurrent.FutureTask.run(FutureTask.java:264)
at java.base/java.util.concurrent.ThreadPoolExecutor.runWorker(ThreadPoolExecutor.java:1136)
at java.base/java.util.concurrent.ThreadPoolExecutor$Worker.run(ThreadPoolExecutor.java:635)
at java.base/java.lang.Thread.run(Thread.java:833)
... Removed 19 stack frames]]>
    </failure>
  </testcase> <!-- OphthamologySurgeries -->
  <testcase classname="testCase.TC_002_CaptureSurgeries" name="ProctologySurgeries" time="0.006">
    <failure type="java.lang.AssertionError" message="null">
      <![CDATA[java.lang.AssertionError: null
at testCase.TC_002_CaptureSurgeries.ProctologySurgeries(TC_002_CaptureSurgeries.java:148)
at java.base/java.util.ArrayList.forEach(ArrayList.java:1511)
at java.base/java.util.concurrent.FutureTask.run(FutureTask.java:264)
at java.base/java.util.concurrent.ThreadPoolExecutor.runWorker(ThreadPoolExecutor.java:1136)
at java.base/java.util.concurrent.ThreadPoolExecutor$Worker.run(ThreadPoolExecutor.java:635)
at java.base/java.lang.Thread.run(Thread.java:833)
... Removed 19 stack frames]]>
    </failure>
  </testcase> <!-- ProctologySurgeries -->
  <testcase classname="testCase.TC_002_CaptureSurgeries" name="UrologySurgeries" time="0.005">
    <failure type="java.lang.AssertionError" message="null">
      <![CDATA[java.lang.AssertionError: null
at testCase.TC_002_CaptureSurgeries.UrologySurgeries(TC_002_CaptureSurgeries.java:227)
at java.base/java.util.ArrayList.forEach(ArrayList.java:1511)
at java.base/java.util.concurrent.FutureTask.run(FutureTask.java:264)
at java.base/java.util.concurrent.ThreadPoolExecutor.runWorker(ThreadPoolExecutor.java:1136)
at java.base/java.util.concurrent.ThreadPoolExecutor$Worker.run(ThreadPoolExecutor.java:635)
at java.base/java.lang.Thread.run(Thread.java:833)
... Removed 19 stack frames]]>
    </failure>
  </testcase> <!-- UrologySurgeries -->
  <testcase classname="testCase.TC_002_CaptureSurgeries" name="CosmeticSurgeries" time="0.199">
    <failure type="java.lang.AssertionError" message="null">
      <![CDATA[java.lang.AssertionError: null
at testCase.TC_002_CaptureSurgeries.CosmeticSurgeries(TC_002_CaptureSurgeries.java:266)
at java.base/java.util.ArrayList.forEach(ArrayList.java:1511)
at java.base/java.util.concurrent.FutureTask.run(FutureTask.java:264)
at java.base/java.util.concurrent.ThreadPoolExecutor.runWorker(ThreadPoolExecutor.java:1136)
at java.base/java.util.concurrent.ThreadPoolExecutor$Worker.run(ThreadPoolExecutor.java:635)
at java.base/java.lang.Thread.run(Thread.java:833)
... Removed 19 stack frames]]>
    </failure>
  </testcase> <!-- CosmeticSurgeries -->
  <testcase classname="testCase.TC_002_CaptureSurgeries" name="OrthopedicsSurgeries" time="0.006">
    <failure type="java.lang.AssertionError" message="null">
      <![CDATA[java.lang.AssertionError: null
at testCase.TC_002_CaptureSurgeries.OrthopedicsSurgeries(TC_002_CaptureSurgeries.java:308)
at java.base/java.util.ArrayList.forEach(ArrayList.java:1511)
at java.base/java.util.concurrent.FutureTask.run(FutureTask.java:264)
at java.base/java.util.concurrent.ThreadPoolExecutor.runWorker(ThreadPoolExecutor.java:1136)
at java.base/java.util.concurrent.ThreadPoolExecutor$Worker.run(ThreadPoolExecutor.java:635)
at java.base/java.lang.Thread.run(Thread.java:833)
... Removed 19 stack frames]]>
    </failure>
  </testcase> <!-- OrthopedicsSurgeries -->
</testsuite> <!-- Test1 -->
