<?xml version="1.0" encoding="UTF-8"?>
<!-- Generated by org.testng.reporters.JUnitXMLReporter -->
<testsuite ignored="0" hostname="LTIN192431" failures="0" tests="11" name="Test" time="191.886" errors="0" timestamp="2024-02-14T16:58:50 IST">
  <testcase classname="testCase.TC_001_SearchingCardiologiests" name="SearchingCardiologiests" time="8.141"/>
  <testcase classname="testCase.TC_001_SearchingCardiologiests" name="gettingCardiologiests" time="24.285"/>
  <testcase classname="testCase.TC_002_CaptureSurgeries" name="CapturePopularSurgeries" time="9.872"/>
  <testcase classname="testCase.TC_002_CaptureSurgeries" name="GeneralSurgeries" time="4.921"/>
  <testcase classname="testCase.TC_002_CaptureSurgeries" name="ProctologySurgeries" time="3.075"/>
  <testcase classname="testCase.TC_002_CaptureSurgeries" name="OphthamologySurgeries" time="3.396"/>
  <testcase classname="testCase.TC_002_CaptureSurgeries" name="UrologySurgeries" time="4.63"/>
  <testcase classname="testCase.TC_002_CaptureSurgeries" name="CosmeticSurgeries" time="3.109"/>
  <testcase classname="testCase.TC_002_CaptureSurgeries" name="OrthopedicsSurgeries" time="3.737"/>
  <testcase classname="testCase.TC_003_CorporateHealthAndWellness_InvalidDetails" name="checkingInvalidDetails" time="8.345"/>
  <testcase classname="testCase.TC_004_CorporateHealthAndWellness_ValidDetails" name="checkingValidDetails" time="27.436"/>
</testsuite> <!-- Test -->
