<?xml version="1.0" encoding="UTF-8"?>
<!-- Generated by org.testng.reporters.JUnitXMLReporter -->
<testsuite ignored="0" hostname="LTIN192431" failures="0" tests="11" name="Test" time="174.117" errors="0" timestamp="2024-02-07T21:38:22 IST">
  <testcase classname="testCase.TC_001_SearchingCardiologiests" name="SearchingCardiologiests" time="9.157"/>
  <testcase classname="testCase.TC_001_SearchingCardiologiests" name="gettingCardiologiests" time="20.361"/>
  <testcase classname="testCase.TC_002_CaptureSurgeries" name="CapturePopularSurgeries" time="9.52"/>
  <testcase classname="testCase.TC_002_CaptureSurgeries" name="GeneralSurgeries" time="5.174"/>
  <testcase classname="testCase.TC_002_CaptureSurgeries" name="OphthamologySurgeries" time="4.254"/>
  <testcase classname="testCase.TC_002_CaptureSurgeries" name="ProctologySurgeries" time="3.88"/>
  <testcase classname="testCase.TC_002_CaptureSurgeries" name="UrologySurgeries" time="5.627"/>
  <testcase classname="testCase.TC_002_CaptureSurgeries" name="CosmeticSurgeries" time="3.781"/>
  <testcase classname="testCase.TC_002_CaptureSurgeries" name="OrthopedicsSurgeries" time="5.092"/>
  <testcase classname="testCase.TC_003_CorporateHealthAndWellness_InvalidDetails" name="checkingInvalidDetails" time="13.953"/>
  <testcase classname="testCase.TC_004_CorporateHealthAndWellness_ValidDetails" name="checkingValidDetails" time="22.824"/>
</testsuite> <!-- Test -->
