<?xml version="1.0" encoding="UTF-8"?>
<testng-results ignored="0" total="22" passed="22" failed="0" skipped="0">
  <reporter-output>
  </reporter-output>
  <suite started-at="2024-02-14T16:55:25 IST" name="Suite" finished-at="2024-02-14T17:01:37 IST" duration-ms="372401">
    <groups>
      <group name="sanity">
        <method signature="TC_003_CorporateHealthAndWellness_InvalidDetails.checkingInvalidDetails()[pri:0, instance:testCase.TC_003_CorporateHealthAndWellness_InvalidDetails@3b69e7d1]" name="checkingInvalidDetails" class="testCase.TC_003_CorporateHealthAndWellness_InvalidDetails"/>
        <method signature="TC_004_CorporateHealthAndWellness_ValidDetails.checkingValidDetails()[pri:0, instance:testCase.TC_004_CorporateHealthAndWellness_ValidDetails@815b41f]" name="checkingValidDetails" class="testCase.TC_004_CorporateHealthAndWellness_ValidDetails"/>
        <method signature="TC_001_SearchingCardiologiests.SearchingCardiologiests()[pri:1, instance:testCase.TC_001_SearchingCardiologiests@40a4337a]" name="SearchingCardiologiests" class="testCase.TC_001_SearchingCardiologiests"/>
        <method signature="TC_001_SearchingCardiologiests.gettingCardiologiests()[pri:0, instance:testCase.TC_001_SearchingCardiologiests@40a4337a]" name="gettingCardiologiests" class="testCase.TC_001_SearchingCardiologiests"/>
        <method signature="TC_002_CaptureSurgeries.CapturePopularSurgeries()[pri:1, instance:testCase.TC_002_CaptureSurgeries@7586beff]" name="CapturePopularSurgeries" class="testCase.TC_002_CaptureSurgeries"/>
        <method signature="TC_002_CaptureSurgeries.GeneralSurgeries()[pri:2, instance:testCase.TC_002_CaptureSurgeries@7586beff]" name="GeneralSurgeries" class="testCase.TC_002_CaptureSurgeries"/>
        <method signature="TC_002_CaptureSurgeries.ProctologySurgeries()[pri:3, instance:testCase.TC_002_CaptureSurgeries@7586beff]" name="ProctologySurgeries" class="testCase.TC_002_CaptureSurgeries"/>
        <method signature="TC_002_CaptureSurgeries.OphthamologySurgeries()[pri:4, instance:testCase.TC_002_CaptureSurgeries@7586beff]" name="OphthamologySurgeries" class="testCase.TC_002_CaptureSurgeries"/>
        <method signature="TC_002_CaptureSurgeries.UrologySurgeries()[pri:5, instance:testCase.TC_002_CaptureSurgeries@7586beff]" name="UrologySurgeries" class="testCase.TC_002_CaptureSurgeries"/>
        <method signature="TC_002_CaptureSurgeries.CosmeticSurgeries()[pri:6, instance:testCase.TC_002_CaptureSurgeries@7586beff]" name="CosmeticSurgeries" class="testCase.TC_002_CaptureSurgeries"/>
        <method signature="TC_002_CaptureSurgeries.OrthopedicsSurgeries()[pri:7, instance:testCase.TC_002_CaptureSurgeries@7586beff]" name="OrthopedicsSurgeries" class="testCase.TC_002_CaptureSurgeries"/>
        <method signature="TC_003_CorporateHealthAndWellness_InvalidDetails.checkingInvalidDetails()[pri:0, instance:testCase.TC_003_CorporateHealthAndWellness_InvalidDetails@65e98b1c]" name="checkingInvalidDetails" class="testCase.TC_003_CorporateHealthAndWellness_InvalidDetails"/>
        <method signature="TC_004_CorporateHealthAndWellness_ValidDetails.checkingValidDetails()[pri:0, instance:testCase.TC_004_CorporateHealthAndWellness_ValidDetails@61322f9d]" name="checkingValidDetails" class="testCase.TC_004_CorporateHealthAndWellness_ValidDetails"/>
        <method signature="TC_001_SearchingCardiologiests.SearchingCardiologiests()[pri:1, instance:testCase.TC_001_SearchingCardiologiests@710f4dc7]" name="SearchingCardiologiests" class="testCase.TC_001_SearchingCardiologiests"/>
        <method signature="TC_001_SearchingCardiologiests.gettingCardiologiests()[pri:0, instance:testCase.TC_001_SearchingCardiologiests@710f4dc7]" name="gettingCardiologiests" class="testCase.TC_001_SearchingCardiologiests"/>
        <method signature="TC_002_CaptureSurgeries.CapturePopularSurgeries()[pri:1, instance:testCase.TC_002_CaptureSurgeries@1ff4931d]" name="CapturePopularSurgeries" class="testCase.TC_002_CaptureSurgeries"/>
        <method signature="TC_002_CaptureSurgeries.GeneralSurgeries()[pri:2, instance:testCase.TC_002_CaptureSurgeries@1ff4931d]" name="GeneralSurgeries" class="testCase.TC_002_CaptureSurgeries"/>
        <method signature="TC_002_CaptureSurgeries.ProctologySurgeries()[pri:3, instance:testCase.TC_002_CaptureSurgeries@1ff4931d]" name="ProctologySurgeries" class="testCase.TC_002_CaptureSurgeries"/>
        <method signature="TC_002_CaptureSurgeries.OphthamologySurgeries()[pri:4, instance:testCase.TC_002_CaptureSurgeries@1ff4931d]" name="OphthamologySurgeries" class="testCase.TC_002_CaptureSurgeries"/>
        <method signature="TC_002_CaptureSurgeries.UrologySurgeries()[pri:5, instance:testCase.TC_002_CaptureSurgeries@1ff4931d]" name="UrologySurgeries" class="testCase.TC_002_CaptureSurgeries"/>
        <method signature="TC_002_CaptureSurgeries.CosmeticSurgeries()[pri:6, instance:testCase.TC_002_CaptureSurgeries@1ff4931d]" name="CosmeticSurgeries" class="testCase.TC_002_CaptureSurgeries"/>
        <method signature="TC_002_CaptureSurgeries.OrthopedicsSurgeries()[pri:7, instance:testCase.TC_002_CaptureSurgeries@1ff4931d]" name="OrthopedicsSurgeries" class="testCase.TC_002_CaptureSurgeries"/>
      </group> <!-- sanity -->
    </groups>
    <test started-at="2024-02-14T16:55:25 IST" name="Test" finished-at="2024-02-14T16:58:37 IST" duration-ms="191886">
      <class name="testCase.TC_001_SearchingCardiologiests">
        <test-method is-config="true" signature="setup(java.lang.String,java.lang.String)[pri:0, instance:testCase.TC_001_SearchingCardiologiests@40a4337a]" started-at="2024-02-14T16:55:26 IST" name="setup" finished-at="2024-02-14T16:55:51 IST" duration-ms="24982" status="PASS">
          <params>
            <param index="0">
              <value>
                <![CDATA[Windows]]>
              </value>
            </param>
            <param index="1">
              <value>
                <![CDATA[edge]]>
              </value>
            </param>
          </params>
          <reporter-output>
          </reporter-output>
        </test-method> <!-- setup -->
        <test-method signature="SearchingCardiologiests()[pri:1, instance:testCase.TC_001_SearchingCardiologiests@40a4337a]" started-at="2024-02-14T16:55:51 IST" name="SearchingCardiologiests" finished-at="2024-02-14T16:55:59 IST" duration-ms="8141" status="PASS">
          <reporter-output>
          </reporter-output>
        </test-method> <!-- SearchingCardiologiests -->
        <test-method signature="gettingCardiologiests()[pri:0, instance:testCase.TC_001_SearchingCardiologiests@40a4337a]" started-at="2024-02-14T16:56:00 IST" name="gettingCardiologiests" finished-at="2024-02-14T16:56:24 IST" depends-on-methods="testCase.TC_001_SearchingCardiologiests.SearchingCardiologiests" duration-ms="24285" status="PASS">
          <reporter-output>
          </reporter-output>
        </test-method> <!-- gettingCardiologiests -->
        <test-method is-config="true" signature="teardown()[pri:0, instance:testCase.TC_001_SearchingCardiologiests@40a4337a]" started-at="2024-02-14T16:56:25 IST" name="teardown" finished-at="2024-02-14T16:56:26 IST" duration-ms="1361" status="PASS">
          <reporter-output>
          </reporter-output>
        </test-method> <!-- teardown -->
      </class> <!-- testCase.TC_001_SearchingCardiologiests -->
      <class name="testCase.TC_004_CorporateHealthAndWellness_ValidDetails">
        <test-method is-config="true" signature="setup(java.lang.String,java.lang.String)[pri:0, instance:testCase.TC_004_CorporateHealthAndWellness_ValidDetails@815b41f]" started-at="2024-02-14T16:57:46 IST" name="setup" finished-at="2024-02-14T16:58:08 IST" duration-ms="21268" status="PASS">
          <params>
            <param index="0">
              <value>
                <![CDATA[Windows]]>
              </value>
            </param>
            <param index="1">
              <value>
                <![CDATA[edge]]>
              </value>
            </param>
          </params>
          <reporter-output>
          </reporter-output>
        </test-method> <!-- setup -->
        <test-method signature="checkingValidDetails()[pri:0, instance:testCase.TC_004_CorporateHealthAndWellness_ValidDetails@815b41f]" started-at="2024-02-14T16:58:08 IST" name="checkingValidDetails" finished-at="2024-02-14T16:58:35 IST" duration-ms="27436" status="PASS">
          <reporter-output>
          </reporter-output>
        </test-method> <!-- checkingValidDetails -->
        <test-method is-config="true" signature="teardown()[pri:0, instance:testCase.TC_004_CorporateHealthAndWellness_ValidDetails@815b41f]" started-at="2024-02-14T16:58:35 IST" name="teardown" finished-at="2024-02-14T16:58:37 IST" duration-ms="1522" status="PASS">
          <reporter-output>
          </reporter-output>
        </test-method> <!-- teardown -->
      </class> <!-- testCase.TC_004_CorporateHealthAndWellness_ValidDetails -->
      <class name="testCase.TC_002_CaptureSurgeries">
        <test-method is-config="true" signature="setup(java.lang.String,java.lang.String)[pri:0, instance:testCase.TC_002_CaptureSurgeries@7586beff]" started-at="2024-02-14T16:56:26 IST" name="setup" finished-at="2024-02-14T16:56:42 IST" duration-ms="16232" status="PASS">
          <params>
            <param index="0">
              <value>
                <![CDATA[Windows]]>
              </value>
            </param>
            <param index="1">
              <value>
                <![CDATA[edge]]>
              </value>
            </param>
          </params>
          <reporter-output>
          </reporter-output>
        </test-method> <!-- setup -->
        <test-method signature="CapturePopularSurgeries()[pri:1, instance:testCase.TC_002_CaptureSurgeries@7586beff]" started-at="2024-02-14T16:56:42 IST" name="CapturePopularSurgeries" finished-at="2024-02-14T16:56:52 IST" duration-ms="9872" status="PASS">
          <reporter-output>
          </reporter-output>
        </test-method> <!-- CapturePopularSurgeries -->
        <test-method signature="GeneralSurgeries()[pri:2, instance:testCase.TC_002_CaptureSurgeries@7586beff]" started-at="2024-02-14T16:56:53 IST" name="GeneralSurgeries" finished-at="2024-02-14T16:56:58 IST" duration-ms="4921" status="PASS">
          <reporter-output>
          </reporter-output>
        </test-method> <!-- GeneralSurgeries -->
        <test-method signature="ProctologySurgeries()[pri:3, instance:testCase.TC_002_CaptureSurgeries@7586beff]" started-at="2024-02-14T16:56:58 IST" name="ProctologySurgeries" finished-at="2024-02-14T16:57:01 IST" duration-ms="3075" status="PASS">
          <reporter-output>
          </reporter-output>
        </test-method> <!-- ProctologySurgeries -->
        <test-method signature="OphthamologySurgeries()[pri:4, instance:testCase.TC_002_CaptureSurgeries@7586beff]" started-at="2024-02-14T16:57:02 IST" name="OphthamologySurgeries" finished-at="2024-02-14T16:57:05 IST" duration-ms="3396" status="PASS">
          <reporter-output>
          </reporter-output>
        </test-method> <!-- OphthamologySurgeries -->
        <test-method signature="UrologySurgeries()[pri:5, instance:testCase.TC_002_CaptureSurgeries@7586beff]" started-at="2024-02-14T16:57:06 IST" name="UrologySurgeries" finished-at="2024-02-14T16:57:10 IST" duration-ms="4630" status="PASS">
          <reporter-output>
          </reporter-output>
        </test-method> <!-- UrologySurgeries -->
        <test-method signature="CosmeticSurgeries()[pri:6, instance:testCase.TC_002_CaptureSurgeries@7586beff]" started-at="2024-02-14T16:57:11 IST" name="CosmeticSurgeries" finished-at="2024-02-14T16:57:14 IST" duration-ms="3109" status="PASS">
          <reporter-output>
          </reporter-output>
        </test-method> <!-- CosmeticSurgeries -->
        <test-method signature="OrthopedicsSurgeries()[pri:7, instance:testCase.TC_002_CaptureSurgeries@7586beff]" started-at="2024-02-14T16:57:14 IST" name="OrthopedicsSurgeries" finished-at="2024-02-14T16:57:18 IST" duration-ms="3737" status="PASS">
          <reporter-output>
          </reporter-output>
        </test-method> <!-- OrthopedicsSurgeries -->
        <test-method is-config="true" signature="teardown()[pri:0, instance:testCase.TC_002_CaptureSurgeries@7586beff]" started-at="2024-02-14T16:57:19 IST" name="teardown" finished-at="2024-02-14T16:57:20 IST" duration-ms="1396" status="PASS">
          <reporter-output>
          </reporter-output>
        </test-method> <!-- teardown -->
      </class> <!-- testCase.TC_002_CaptureSurgeries -->
      <class name="testCase.TC_003_CorporateHealthAndWellness_InvalidDetails">
        <test-method is-config="true" signature="setup(java.lang.String,java.lang.String)[pri:0, instance:testCase.TC_003_CorporateHealthAndWellness_InvalidDetails@3b69e7d1]" started-at="2024-02-14T16:57:20 IST" name="setup" finished-at="2024-02-14T16:57:36 IST" duration-ms="15950" status="PASS">
          <params>
            <param index="0">
              <value>
                <![CDATA[Windows]]>
              </value>
            </param>
            <param index="1">
              <value>
                <![CDATA[edge]]>
              </value>
            </param>
          </params>
          <reporter-output>
          </reporter-output>
        </test-method> <!-- setup -->
        <test-method signature="checkingInvalidDetails()[pri:0, instance:testCase.TC_003_CorporateHealthAndWellness_InvalidDetails@3b69e7d1]" started-at="2024-02-14T16:57:36 IST" name="checkingInvalidDetails" finished-at="2024-02-14T16:57:44 IST" duration-ms="8345" status="PASS">
          <reporter-output>
          </reporter-output>
        </test-method> <!-- checkingInvalidDetails -->
        <test-method is-config="true" signature="teardown()[pri:0, instance:testCase.TC_003_CorporateHealthAndWellness_InvalidDetails@3b69e7d1]" started-at="2024-02-14T16:57:45 IST" name="teardown" finished-at="2024-02-14T16:57:46 IST" duration-ms="1499" status="PASS">
          <reporter-output>
          </reporter-output>
        </test-method> <!-- teardown -->
      </class> <!-- testCase.TC_003_CorporateHealthAndWellness_InvalidDetails -->
    </test> <!-- Test -->
    <test started-at="2024-02-14T16:58:50 IST" name="Test1" finished-at="2024-02-14T17:01:37 IST" duration-ms="167340">
      <class name="testCase.TC_001_SearchingCardiologiests">
        <test-method is-config="true" signature="setup(java.lang.String,java.lang.String)[pri:0, instance:testCase.TC_001_SearchingCardiologiests@710f4dc7]" started-at="2024-02-14T16:58:50 IST" name="setup" finished-at="2024-02-14T16:59:11 IST" duration-ms="20789" status="PASS">
          <params>
            <param index="0">
              <value>
                <![CDATA[Windows]]>
              </value>
            </param>
            <param index="1">
              <value>
                <![CDATA[chrome]]>
              </value>
            </param>
          </params>
          <reporter-output>
          </reporter-output>
        </test-method> <!-- setup -->
        <test-method signature="SearchingCardiologiests()[pri:1, instance:testCase.TC_001_SearchingCardiologiests@710f4dc7]" started-at="2024-02-14T16:59:11 IST" name="SearchingCardiologiests" finished-at="2024-02-14T16:59:19 IST" duration-ms="7717" status="PASS">
          <reporter-output>
          </reporter-output>
        </test-method> <!-- SearchingCardiologiests -->
        <test-method signature="gettingCardiologiests()[pri:0, instance:testCase.TC_001_SearchingCardiologiests@710f4dc7]" started-at="2024-02-14T16:59:19 IST" name="gettingCardiologiests" finished-at="2024-02-14T16:59:43 IST" depends-on-methods="testCase.TC_001_SearchingCardiologiests.SearchingCardiologiests" duration-ms="23838" status="PASS">
          <reporter-output>
          </reporter-output>
        </test-method> <!-- gettingCardiologiests -->
        <test-method is-config="true" signature="teardown()[pri:0, instance:testCase.TC_001_SearchingCardiologiests@710f4dc7]" started-at="2024-02-14T16:59:43 IST" name="teardown" finished-at="2024-02-14T16:59:45 IST" duration-ms="1568" status="PASS">
          <reporter-output>
          </reporter-output>
        </test-method> <!-- teardown -->
      </class> <!-- testCase.TC_001_SearchingCardiologiests -->
      <class name="testCase.TC_004_CorporateHealthAndWellness_ValidDetails">
        <test-method is-config="true" signature="setup(java.lang.String,java.lang.String)[pri:0, instance:testCase.TC_004_CorporateHealthAndWellness_ValidDetails@61322f9d]" started-at="2024-02-14T17:00:59 IST" name="setup" finished-at="2024-02-14T17:01:12 IST" duration-ms="12269" status="PASS">
          <params>
            <param index="0">
              <value>
                <![CDATA[Windows]]>
              </value>
            </param>
            <param index="1">
              <value>
                <![CDATA[chrome]]>
              </value>
            </param>
          </params>
          <reporter-output>
          </reporter-output>
        </test-method> <!-- setup -->
        <test-method signature="checkingValidDetails()[pri:0, instance:testCase.TC_004_CorporateHealthAndWellness_ValidDetails@61322f9d]" started-at="2024-02-14T17:01:12 IST" name="checkingValidDetails" finished-at="2024-02-14T17:01:36 IST" duration-ms="24125" status="PASS">
          <reporter-output>
          </reporter-output>
        </test-method> <!-- checkingValidDetails -->
        <test-method is-config="true" signature="teardown()[pri:0, instance:testCase.TC_004_CorporateHealthAndWellness_ValidDetails@61322f9d]" started-at="2024-02-14T17:01:36 IST" name="teardown" finished-at="2024-02-14T17:01:37 IST" duration-ms="1327" status="PASS">
          <reporter-output>
          </reporter-output>
        </test-method> <!-- teardown -->
      </class> <!-- testCase.TC_004_CorporateHealthAndWellness_ValidDetails -->
      <class name="testCase.TC_002_CaptureSurgeries">
        <test-method is-config="true" signature="setup(java.lang.String,java.lang.String)[pri:0, instance:testCase.TC_002_CaptureSurgeries@1ff4931d]" started-at="2024-02-14T16:59:45 IST" name="setup" finished-at="2024-02-14T16:59:59 IST" duration-ms="14693" status="PASS">
          <params>
            <param index="0">
              <value>
                <![CDATA[Windows]]>
              </value>
            </param>
            <param index="1">
              <value>
                <![CDATA[chrome]]>
              </value>
            </param>
          </params>
          <reporter-output>
          </reporter-output>
        </test-method> <!-- setup -->
        <test-method signature="CapturePopularSurgeries()[pri:1, instance:testCase.TC_002_CaptureSurgeries@1ff4931d]" started-at="2024-02-14T16:59:59 IST" name="CapturePopularSurgeries" finished-at="2024-02-14T17:00:06 IST" duration-ms="6372" status="PASS">
          <reporter-output>
          </reporter-output>
        </test-method> <!-- CapturePopularSurgeries -->
        <test-method signature="GeneralSurgeries()[pri:2, instance:testCase.TC_002_CaptureSurgeries@1ff4931d]" started-at="2024-02-14T17:00:06 IST" name="GeneralSurgeries" finished-at="2024-02-14T17:00:10 IST" duration-ms="4106" status="PASS">
          <reporter-output>
          </reporter-output>
        </test-method> <!-- GeneralSurgeries -->
        <test-method signature="ProctologySurgeries()[pri:3, instance:testCase.TC_002_CaptureSurgeries@1ff4931d]" started-at="2024-02-14T17:00:11 IST" name="ProctologySurgeries" finished-at="2024-02-14T17:00:14 IST" duration-ms="3254" status="PASS">
          <reporter-output>
          </reporter-output>
        </test-method> <!-- ProctologySurgeries -->
        <test-method signature="OphthamologySurgeries()[pri:4, instance:testCase.TC_002_CaptureSurgeries@1ff4931d]" started-at="2024-02-14T17:00:15 IST" name="OphthamologySurgeries" finished-at="2024-02-14T17:00:18 IST" duration-ms="2617" status="PASS">
          <reporter-output>
          </reporter-output>
        </test-method> <!-- OphthamologySurgeries -->
        <test-method signature="UrologySurgeries()[pri:5, instance:testCase.TC_002_CaptureSurgeries@1ff4931d]" started-at="2024-02-14T17:00:18 IST" name="UrologySurgeries" finished-at="2024-02-14T17:00:22 IST" duration-ms="4285" status="PASS">
          <reporter-output>
          </reporter-output>
        </test-method> <!-- UrologySurgeries -->
        <test-method signature="CosmeticSurgeries()[pri:6, instance:testCase.TC_002_CaptureSurgeries@1ff4931d]" started-at="2024-02-14T17:00:23 IST" name="CosmeticSurgeries" finished-at="2024-02-14T17:00:28 IST" duration-ms="4952" status="PASS">
          <reporter-output>
          </reporter-output>
        </test-method> <!-- CosmeticSurgeries -->
        <test-method signature="OrthopedicsSurgeries()[pri:7, instance:testCase.TC_002_CaptureSurgeries@1ff4931d]" started-at="2024-02-14T17:00:29 IST" name="OrthopedicsSurgeries" finished-at="2024-02-14T17:00:32 IST" duration-ms="3591" status="PASS">
          <reporter-output>
          </reporter-output>
        </test-method> <!-- OrthopedicsSurgeries -->
        <test-method is-config="true" signature="teardown()[pri:0, instance:testCase.TC_002_CaptureSurgeries@1ff4931d]" started-at="2024-02-14T17:00:33 IST" name="teardown" finished-at="2024-02-14T17:00:34 IST" duration-ms="1283" status="PASS">
          <reporter-output>
          </reporter-output>
        </test-method> <!-- teardown -->
      </class> <!-- testCase.TC_002_CaptureSurgeries -->
      <class name="testCase.TC_003_CorporateHealthAndWellness_InvalidDetails">
        <test-method is-config="true" signature="setup(java.lang.String,java.lang.String)[pri:0, instance:testCase.TC_003_CorporateHealthAndWellness_InvalidDetails@65e98b1c]" started-at="2024-02-14T17:00:34 IST" name="setup" finished-at="2024-02-14T17:00:47 IST" duration-ms="13547" status="PASS">
          <params>
            <param index="0">
              <value>
                <![CDATA[Windows]]>
              </value>
            </param>
            <param index="1">
              <value>
                <![CDATA[chrome]]>
              </value>
            </param>
          </params>
          <reporter-output>
          </reporter-output>
        </test-method> <!-- setup -->
        <test-method signature="checkingInvalidDetails()[pri:0, instance:testCase.TC_003_CorporateHealthAndWellness_InvalidDetails@65e98b1c]" started-at="2024-02-14T17:00:47 IST" name="checkingInvalidDetails" finished-at="2024-02-14T17:00:58 IST" duration-ms="10114" status="PASS">
          <reporter-output>
          </reporter-output>
        </test-method> <!-- checkingInvalidDetails -->
        <test-method is-config="true" signature="teardown()[pri:0, instance:testCase.TC_003_CorporateHealthAndWellness_InvalidDetails@65e98b1c]" started-at="2024-02-14T17:00:58 IST" name="teardown" finished-at="2024-02-14T17:00:59 IST" duration-ms="1361" status="PASS">
          <reporter-output>
          </reporter-output>
        </test-method> <!-- teardown -->
      </class> <!-- testCase.TC_003_CorporateHealthAndWellness_InvalidDetails -->
    </test> <!-- Test1 -->
  </suite> <!-- Suite -->
</testng-results>
